1720735395: mosquitto version 2.0.18 starting
1720735395: Config loaded from /mosquitto/config/mosquitto.conf.
1720735395: Opening ipv4 listen socket on port 1883.
1720735395: Opening ipv6 listen socket on port 1883.
1720735395: Opening websockets listen socket on port 9001.
1720735395: mosquitto version 2.0.18 running
1720735492: mosquitto version 2.0.18 terminating
1720735492: Saving in-memory database to /mosquitto/data/mosquitto.db.
1720735530: mosquitto version 2.0.18 starting
1720735530: Config loaded from /mosquitto/config/mosquitto.conf.
1720735530: Opening ipv4 listen socket on port 1883.
1720735530: Opening ipv6 listen socket on port 1883.
1720735530: Opening websockets listen socket on port 9001.
1720735530: mosquitto version 2.0.18 running
1720735584: mosquitto version 2.0.18 terminating
1720735584: Saving in-memory database to /mosquitto/data/mosquitto.db.
1720735673: mosquitto version 2.0.18 starting
1720735673: Config loaded from /mosquitto/config/mosquitto.conf.
1720735673: Opening ipv4 listen socket on port 1883.
1720735673: Opening ipv6 listen socket on port 1883.
1720735673: Opening websockets listen socket on port 9001.
1720735673: mosquitto version 2.0.18 running
1720735754: mosquitto version 2.0.18 terminating
1720735754: Saving in-memory database to /mosquitto/data/mosquitto.db.
1720735773: mosquitto version 2.0.18 starting
1720735773: Config loaded from /mosquitto/config/mosquitto.conf.
1720735773: Opening ipv4 listen socket on port 1883.
1720735773: Opening ipv6 listen socket on port 1883.
1720735773: Opening websockets listen socket on port 9001.
1720735773: mosquitto version 2.0.18 running
1720735858: mosquitto version 2.0.18 terminating
1720735858: Saving in-memory database to /mosquitto/data/mosquitto.db.
1720735883: mosquitto version 2.0.18 starting
1720735883: Config loaded from /mosquitto/config/mosquitto.conf.
1720735883: Opening ipv4 listen socket on port 1883.
1720735883: Opening ipv6 listen socket on port 1883.
1720735883: Opening websockets listen socket on port 9001.
1720735883: mosquitto version 2.0.18 running
1720736401: mosquitto version 2.0.18 terminating
1720736401: Saving in-memory database to /mosquitto/data/mosquitto.db.
1720738533: mosquitto version 2.0.18 starting
1720738533: Config loaded from /mosquitto/config/mosquitto.conf.
1720738533: Opening ipv4 listen socket on port 1883.
1720738533: Opening ipv6 listen socket on port 1883.
1720738533: Opening websockets listen socket on port 9001.
1720738533: mosquitto version 2.0.18 running
1720738653: mosquitto version 2.0.18 terminating
1720738653: Saving in-memory database to /mosquitto/data/mosquitto.db.
1720742583: mosquitto version 2.0.18 starting
1720742583: Config loaded from /mosquitto/config/mosquitto.conf.
1720742583: Opening ipv4 listen socket on port 1883.
1720742583: Opening ipv6 listen socket on port 1883.
1720742583: Opening websockets listen socket on port 9001.
1720742583: mosquitto version 2.0.18 running
1720744225: mosquitto version 2.0.18 terminating
1720744225: Saving in-memory database to /mosquitto/data/mosquitto.db.
1720744261: mosquitto version 2.0.18 starting
1720744261: Config loaded from /mosquitto/config/mosquitto.conf.
1720744261: Opening ipv4 listen socket on port 1883.
1720744261: Opening ipv6 listen socket on port 1883.
1720744261: Opening websockets listen socket on port 9001.
1720744261: mosquitto version 2.0.18 running
1720744964: mosquitto version 2.0.18 terminating
1720744964: Saving in-memory database to /mosquitto/data/mosquitto.db.
1720745002: mosquitto version 2.0.18 starting
1720745002: Config loaded from /mosquitto/config/mosquitto.conf.
1720745002: Opening ipv4 listen socket on port 1883.
1720745002: Opening ipv6 listen socket on port 1883.
1720745002: Opening websockets listen socket on port 9001.
1720745002: mosquitto version 2.0.18 running
1720745080: mosquitto version 2.0.18 terminating
1720745080: Saving in-memory database to /mosquitto/data/mosquitto.db.
1720745105: mosquitto version 2.0.18 starting
1720745105: Config loaded from /mosquitto/config/mosquitto.conf.
1720745105: Opening ipv4 listen socket on port 1883.
1720745105: Opening ipv6 listen socket on port 1883.
1720745105: Opening websockets listen socket on port 9001.
1720745105: mosquitto version 2.0.18 running
1720745457: mosquitto version 2.0.18 terminating
1720745457: Saving in-memory database to /mosquitto/data/mosquitto.db.
1720745470: mosquitto version 2.0.18 starting
1720745470: Config loaded from /mosquitto/config/mosquitto.conf.
1720745470: Opening ipv4 listen socket on port 1883.
1720745470: Opening ipv6 listen socket on port 1883.
1720745470: Opening websockets listen socket on port 9001.
1720745470: mosquitto version 2.0.18 running
1720745749: mosquitto version 2.0.18 terminating
1720745749: Saving in-memory database to /mosquitto/data/mosquitto.db.
1720911583: mosquitto version 2.0.18 starting
1720911583: Config loaded from /mosquitto/config/mosquitto.conf.
1720911583: Opening ipv4 listen socket on port 1883.
1720911583: Opening ipv6 listen socket on port 1883.
1720911583: Opening websockets listen socket on port 9001.
1720911583: mosquitto version 2.0.18 running
1720911698: mosquitto version 2.0.18 terminating
1720911698: Saving in-memory database to /mosquitto/data/mosquitto.db.
1720911807: mosquitto version 2.0.18 starting
1720911807: Config loaded from /mosquitto/config/mosquitto.conf.
1720911807: Opening ipv4 listen socket on port 1883.
1720911807: Opening ipv6 listen socket on port 1883.
1720911807: Opening websockets listen socket on port 9001.
1720911807: mosquitto version 2.0.18 running
1720911898: mosquitto version 2.0.18 terminating
1720911898: Saving in-memory database to /mosquitto/data/mosquitto.db.
1720911937: mosquitto version 2.0.18 starting
1720911937: Config loaded from /mosquitto/config/mosquitto.conf.
1720911937: Opening ipv4 listen socket on port 1883.
1720911937: Opening ipv6 listen socket on port 1883.
1720911937: Opening websockets listen socket on port 9001.
1720911937: mosquitto version 2.0.18 running
1720912050: mosquitto version 2.0.18 terminating
1720912050: Saving in-memory database to /mosquitto/data/mosquitto.db.
1720912211: mosquitto version 2.0.18 starting
1720912211: Config loaded from /mosquitto/config/mosquitto.conf.
1720912211: Opening ipv4 listen socket on port 1883.
1720912211: Opening ipv6 listen socket on port 1883.
1720912211: Opening websockets listen socket on port 9001.
1720912211: mosquitto version 2.0.18 running
1720912387: mosquitto version 2.0.18 terminating
1720912387: Saving in-memory database to /mosquitto/data/mosquitto.db.
1720912471: mosquitto version 2.0.18 starting
1720912471: Config loaded from /mosquitto/config/mosquitto.conf.
1720912471: Opening ipv4 listen socket on port 1883.
1720912471: Opening ipv6 listen socket on port 1883.
1720912471: Opening websockets listen socket on port 9001.
1720912471: mosquitto version 2.0.18 running
1720912504: mosquitto version 2.0.18 terminating
1720912504: Saving in-memory database to /mosquitto/data/mosquitto.db.
1720912988: mosquitto version 2.0.18 starting
1720912988: Config loaded from /mosquitto/config/mosquitto.conf.
1720912988: Opening ipv4 listen socket on port 1883.
1720912988: Opening ipv6 listen socket on port 1883.
1720912988: Opening websockets listen socket on port 9001.
1720912988: mosquitto version 2.0.18 running
1720913101: mosquitto version 2.0.18 terminating
1720913101: Saving in-memory database to /mosquitto/data/mosquitto.db.
1720913125: mosquitto version 2.0.18 starting
1720913125: Config loaded from /mosquitto/config/mosquitto.conf.
1720913125: Opening ipv4 listen socket on port 1883.
1720913125: Opening ipv6 listen socket on port 1883.
1720913125: Opening websockets listen socket on port 9001.
1720913125: mosquitto version 2.0.18 running
1720913430: mosquitto version 2.0.18 terminating
1720913430: Saving in-memory database to /mosquitto/data/mosquitto.db.
1720913598: mosquitto version 2.0.18 starting
1720913598: Config loaded from /mosquitto/config/mosquitto.conf.
1720913598: Opening ipv4 listen socket on port 1883.
1720913598: Opening ipv6 listen socket on port 1883.
1720913598: Opening websockets listen socket on port 9001.
1720913598: mosquitto version 2.0.18 running
1720915120: mosquitto version 2.0.18 terminating
1720915120: Saving in-memory database to /mosquitto/data/mosquitto.db.
1720915180: mosquitto version 2.0.18 starting
1720915180: Config loaded from /mosquitto/config/mosquitto.conf.
1720915180: Opening ipv4 listen socket on port 1883.
1720915180: Opening ipv6 listen socket on port 1883.
1720915180: Opening websockets listen socket on port 9001.
1720915180: mosquitto version 2.0.18 running
1720915324: mosquitto version 2.0.18 terminating
1720915324: Saving in-memory database to /mosquitto/data/mosquitto.db.
1720915554: mosquitto version 2.0.18 starting
1720915554: Config loaded from /mosquitto/config/mosquitto.conf.
1720915554: Opening ipv4 listen socket on port 1883.
1720915554: Opening ipv6 listen socket on port 1883.
1720915554: Opening websockets listen socket on port 9001.
1720915554: mosquitto version 2.0.18 running
1720915581: mosquitto version 2.0.18 terminating
1720915581: Saving in-memory database to /mosquitto/data/mosquitto.db.
1720915609: mosquitto version 2.0.18 starting
1720915609: Config loaded from /mosquitto/config/mosquitto.conf.
1720915609: Opening ipv4 listen socket on port 1883.
1720915609: Opening ipv6 listen socket on port 1883.
1720915609: Opening websockets listen socket on port 9001.
1720915609: mosquitto version 2.0.18 running
1720916167: mosquitto version 2.0.18 terminating
1720916167: Saving in-memory database to /mosquitto/data/mosquitto.db.
